1702687567175394000, 8188846208, 8188846208, Main thread initialized
1702687567175485000, Lock_5a60dd1d-5a03-4539-9e92-f34330243d08, 8188846208, Lock 'Lock_5a60dd1d-5a03-4539-9e92-f34330243d08' created
1702687567175635000, 6107639808, 8188846208, 'Chef1' thread started
1702687567175693000, 6124466176, 8188846208, 'Chef2' thread started
1702687567175717000, Condition_ec2a062f-7b16-4cda-8ee7-66d61609d8d7, 8188846208, Condition Condition_ec2a062f-7b16-4cda-8ee7-66d61609d8d7 lock acquired by thread
1702687567175739000, Condition_ec2a062f-7b16-4cda-8ee7-66d61609d8d7, 8188846208, Condition Condition_ec2a062f-7b16-4cda-8ee7-66d61609d8d7 wait
1702687567680736000, Lock_5a60dd1d-5a03-4539-9e92-f34330243d08, 6107639808, Lock 'Lock_5a60dd1d-5a03-4539-9e92-f34330243d08' acquired
1702687568686040000, Lock_5a60dd1d-5a03-4539-9e92-f34330243d08, 6107639808, Lock 'Lock_5a60dd1d-5a03-4539-9e92-f34330243d08' released
1702687568686553000, Lock_5a60dd1d-5a03-4539-9e92-f34330243d08, 6124466176, Lock 'Lock_5a60dd1d-5a03-4539-9e92-f34330243d08' acquired
1702687568686696000, Condition_ec2a062f-7b16-4cda-8ee7-66d61609d8d7, 6107639808, Condition Condition_ec2a062f-7b16-4cda-8ee7-66d61609d8d7 lock acquired by thread
1702687568686979000, Condition_ec2a062f-7b16-4cda-8ee7-66d61609d8d7, 6107639808, Condition Condition_ec2a062f-7b16-4cda-8ee7-66d61609d8d7 notify
1702687568687108000, Condition_ec2a062f-7b16-4cda-8ee7-66d61609d8d7, 6107639808, Condition Condition_ec2a062f-7b16-4cda-8ee7-66d61609d8d7 lock released by thread
1702687568687308000, Condition_ec2a062f-7b16-4cda-8ee7-66d61609d8d7, 8188846208, Condition Condition_ec2a062f-7b16-4cda-8ee7-66d61609d8d7 lock released by thread
1702687569691891000, Lock_5a60dd1d-5a03-4539-9e92-f34330243d08, 6124466176, Lock 'Lock_5a60dd1d-5a03-4539-9e92-f34330243d08' released
1702687569692027000, Event_2e40c59e-b4a8-41fc-978f-b0430af506da, 8188846208, Event Event_2e40c59e-b4a8-41fc-978f-b0430af506da set
1702687569692085000, Event_2e40c59e-b4a8-41fc-978f-b0430af506da, 6107639808, Event Event_2e40c59e-b4a8-41fc-978f-b0430af506da wait, result: True
1702687569692152000, Condition_ec2a062f-7b16-4cda-8ee7-66d61609d8d7, 6124466176, Condition Condition_ec2a062f-7b16-4cda-8ee7-66d61609d8d7 lock acquired by thread
1702687569692317000, Condition_ec2a062f-7b16-4cda-8ee7-66d61609d8d7, 6124466176, Condition Condition_ec2a062f-7b16-4cda-8ee7-66d61609d8d7 notify
1702687569692356000, Condition_ec2a062f-7b16-4cda-8ee7-66d61609d8d7, 6124466176, Condition Condition_ec2a062f-7b16-4cda-8ee7-66d61609d8d7 lock released by thread
1702687569692381000, Event_2e40c59e-b4a8-41fc-978f-b0430af506da, 6124466176, Event Event_2e40c59e-b4a8-41fc-978f-b0430af506da wait, result: True
1702687569692412000, Barrier_3edc9285-b6a7-4e80-b4e8-f8eb1c7daeba, 6124466176, Barrier Barrier_3edc9285-b6a7-4e80-b4e8-f8eb1c7daeba wait, index: 1
1702687569692470000, Barrier_3edc9285-b6a7-4e80-b4e8-f8eb1c7daeba, 6107639808, Barrier Barrier_3edc9285-b6a7-4e80-b4e8-f8eb1c7daeba wait, index: 0
1702687569692580000, 6107639808, 8188846208, 'Chef1' thread joined
1702687569692619000, 6124466176, 8188846208, 'Chef2' thread joined
1702687569692644000, 8188846208, 8188846208, Main thread ended
