1702687113889481000, 8188846208, 8188846208, Main thread initialized
1702687113889581000, shared_lock, 8188846208, Lock 'shared_lock' created
1702687113889731000, shared_lock, 6115405824, Lock 'shared_lock' acquired
1702687113889795000, 6115405824, 8188846208, 'Worker1' thread started
1702687113890110000, 6132232192, 8188846208, 'Worker2' thread started
1702687113890290000, 6149058560, 8188846208, 'Worker3' thread started
1702687113890619000, 6165884928, 8188846208, 'Worker4' thread started
1702687113890955000, 6182711296, 8188846208, 'Worker5' thread started
1702687113891135000, 6199537664, 8188846208, 'Worker6' thread started
1702687113891465000, 6216364032, 8188846208, 'Worker7' thread started
1702687113891601000, 6233190400, 8188846208, 'Worker8' thread started
1702687113891734000, 6250016768, 8188846208, 'Worker9' thread started
1702687113891857000, 6266843136, 8188846208, 'Worker10' thread started
1702687113891980000, 6283669504, 8188846208, 'Worker11' thread started
1702687113892097000, 6300495872, 8188846208, 'Worker12' thread started
1702687113892272000, 6317322240, 8188846208, 'Worker13' thread started
1702687113892434000, 6334148608, 8188846208, 'Worker14' thread started
1702687113892543000, 6350974976, 8188846208, 'Worker15' thread started
1702687113892635000, 6367801344, 8188846208, 'Worker16' thread started
1702687113892733000, 6384627712, 8188846208, 'Worker17' thread started
1702687113892819000, 6401454080, 8188846208, 'Worker18' thread started
1702687113892903000, 6418280448, 8188846208, 'Worker19' thread started
1702687113892985000, 6435106816, 8188846208, 'Worker20' thread started
1702687113900552000, shared_lock, 6115405824, Lock 'shared_lock' released
1702687113900730000, shared_lock, 6132232192, Lock 'shared_lock' acquired
1702687113900941000, 6115405824, 8188846208, 'Worker1' thread joined
1702687113913545000, shared_lock, 6132232192, Lock 'shared_lock' released
1702687113913661000, shared_lock, 6149058560, Lock 'shared_lock' acquired
1702687113913810000, 6132232192, 8188846208, 'Worker2' thread joined
1702687113926410000, shared_lock, 6149058560, Lock 'shared_lock' released
1702687113926644000, shared_lock, 6165884928, Lock 'shared_lock' acquired
1702687113926841000, 6149058560, 8188846208, 'Worker3' thread joined
1702687113939476000, shared_lock, 6165884928, Lock 'shared_lock' released
1702687113939617000, shared_lock, 6182711296, Lock 'shared_lock' acquired
1702687113939804000, 6165884928, 8188846208, 'Worker4' thread joined
1702687113952305000, shared_lock, 6182711296, Lock 'shared_lock' released
1702687113952693000, shared_lock, 6199537664, Lock 'shared_lock' acquired
1702687113953082000, 6182711296, 8188846208, 'Worker5' thread joined
1702687113965598000, shared_lock, 6199537664, Lock 'shared_lock' released
1702687113965781000, shared_lock, 6216364032, Lock 'shared_lock' acquired
1702687113965946000, 6199537664, 8188846208, 'Worker6' thread joined
1702687113978547000, shared_lock, 6216364032, Lock 'shared_lock' released
1702687113978728000, shared_lock, 6233190400, Lock 'shared_lock' acquired
1702687113978889000, 6216364032, 8188846208, 'Worker7' thread joined
1702687113991493000, shared_lock, 6233190400, Lock 'shared_lock' released
1702687113991663000, shared_lock, 6250016768, Lock 'shared_lock' acquired
1702687113991771000, 6233190400, 8188846208, 'Worker8' thread joined
1702687114002551000, shared_lock, 6250016768, Lock 'shared_lock' released
1702687114002797000, 6250016768, 8188846208, 'Worker9' thread joined
1702687114002937000, shared_lock, 6266843136, Lock 'shared_lock' acquired
1702687114015536000, shared_lock, 6266843136, Lock 'shared_lock' released
1702687114015674000, shared_lock, 6283669504, Lock 'shared_lock' acquired
1702687114015836000, 6266843136, 8188846208, 'Worker10' thread joined
1702687114027382000, shared_lock, 6283669504, Lock 'shared_lock' released
1702687114027525000, shared_lock, 6300495872, Lock 'shared_lock' acquired
1702687114027692000, 6283669504, 8188846208, 'Worker11' thread joined
1702687114040267000, shared_lock, 6300495872, Lock 'shared_lock' released
1702687114040421000, shared_lock, 6317322240, Lock 'shared_lock' acquired
1702687114040630000, 6300495872, 8188846208, 'Worker12' thread joined
1702687114053259000, shared_lock, 6317322240, Lock 'shared_lock' released
1702687114053470000, 6317322240, 8188846208, 'Worker13' thread joined
1702687114053629000, shared_lock, 6334148608, Lock 'shared_lock' acquired
1702687114066228000, shared_lock, 6334148608, Lock 'shared_lock' released
1702687114066570000, 6334148608, 8188846208, 'Worker14' thread joined
1702687114066661000, shared_lock, 6350974976, Lock 'shared_lock' acquired
1702687114079411000, shared_lock, 6350974976, Lock 'shared_lock' released
1702687114079674000, shared_lock, 6367801344, Lock 'shared_lock' acquired
1702687114079825000, 6350974976, 8188846208, 'Worker15' thread joined
1702687114090585000, shared_lock, 6367801344, Lock 'shared_lock' released
1702687114090733000, shared_lock, 6384627712, Lock 'shared_lock' acquired
1702687114090893000, 6367801344, 8188846208, 'Worker16' thread joined
1702687114102563000, shared_lock, 6384627712, Lock 'shared_lock' released
1702687114102880000, 6384627712, 8188846208, 'Worker17' thread joined
1702687114102962000, shared_lock, 6401454080, Lock 'shared_lock' acquired
1702687114115683000, shared_lock, 6401454080, Lock 'shared_lock' released
1702687114115828000, shared_lock, 6418280448, Lock 'shared_lock' acquired
1702687114116075000, 6401454080, 8188846208, 'Worker18' thread joined
1702687114128856000, shared_lock, 6418280448, Lock 'shared_lock' released
1702687114129343000, shared_lock, 6435106816, Lock 'shared_lock' acquired
1702687114129525000, 6418280448, 8188846208, 'Worker19' thread joined
1702687114141378000, shared_lock, 6435106816, Lock 'shared_lock' released
1702687114142040000, 6435106816, 8188846208, 'Worker20' thread joined
1702687114142135000, 8188846208, 8188846208, Main thread ended
